<?xml version="1.0" standalone="no"?>
<!DOCTYPE entity PUBLIC "-//UC Berkeley//DTD MoML 1//EN"
    "http://ptolemy.eecs.berkeley.edu/xml/dtd/MoML_1.dtd">
<entity name="test-direct-in-out" class="ptolemy.actor.TypedCompositeActor">
    <property name="_createdBy" class="ptolemy.kernel.attributes.VersionAttribute" value="7.2.devel">
    </property>
    <property name="SDF Director" class="ptolemy.domains.sdf.kernel.SDFDirector">
        <property name="iterations" class="ptolemy.data.expr.Parameter" value="2">
        </property>
        <property name="_location" class="ptolemy.kernel.util.Location" value="{145.0, 65.0}">
        </property>
    </property>
    <property name="_windowProperties" class="ptolemy.actor.gui.WindowPropertiesAttribute" value="{bounds={129, 136, 813, 510}, maximized=false}">
    </property>
    <property name="_vergilSize" class="ptolemy.actor.gui.SizeAttribute" value="[600, 400]">
    </property>
    <property name="_vergilZoomFactor" class="ptolemy.data.expr.ExpertParameter" value="1.0">
    </property>
    <property name="_vergilCenter" class="ptolemy.data.expr.ExpertParameter" value="{300.0, 200.0}">
    </property>
    <property name="Annotation" class="ptolemy.vergil.kernel.attributes.TextAttribute">
        <property name="text" class="ptolemy.kernel.util.StringAttribute" value="The modal model has a straight through connection,&#10;yet we never see output.&#10;&#10;Test from J.S. Senecal.">
        </property>
        <property name="_location" class="ptolemy.kernel.util.Location" value="[230.0, 20.0]">
        </property>
    </property>
    <entity name="Const" class="ptolemy.actor.lib.Const">
        <doc>Create a constant sequence.</doc>
        <property name="_icon" class="ptolemy.vergil.icon.BoxedValueIcon">
            <property name="attributeName" class="ptolemy.kernel.util.StringAttribute" value="value">
            </property>
            <property name="displayWidth" class="ptolemy.data.expr.Parameter" value="60">
            </property>
        </property>
        <property name="_location" class="ptolemy.kernel.util.Location" value="[45.0, 300.0]">
        </property>
    </entity>
    <entity name="CompositeActor" class="ptolemy.actor.TypedCompositeActor">
        <property name="_location" class="ptolemy.kernel.util.Location" value="[225.0, 170.0]">
        </property>
        <port name="in" class="ptolemy.actor.TypedIOPort">
            <property name="input"/>
            <property name="_location" class="ptolemy.kernel.util.Location" value="[20.0, 235.0]">
            </property>
        </port>
        <port name="out" class="ptolemy.actor.TypedIOPort">
            <property name="output"/>
            <property name="_location" class="ptolemy.kernel.util.Location" value="[555.0, 225.0]">
            </property>
        </port>
        <relation name="relation" class="ptolemy.actor.TypedIORelation">
            <property name="width" class="ptolemy.data.expr.Parameter" value="1">
            </property>
        </relation>
        <link port="in" relation="relation"/>
        <link port="out" relation="relation"/>
    </entity>
    <entity name="Test" class="ptolemy.actor.lib.Test">
        <property name="correctValues" class="ptolemy.data.expr.Parameter" value="{{1, 1, 1}, {1, 1, 1}}">
        </property>
        <property name="trainingMode" class="ptolemy.actor.parameters.SharedParameter" value="false">
        </property>
        <property name="_location" class="ptolemy.kernel.util.Location" value="{390, 260}">
        </property>
    </entity>
    <entity name="ModalModel" class="ptolemy.domains.modal.modal.ModalModel">
        <property name="_tableauFactory" class="ptolemy.vergil.modal.modal.ModalTableauFactory">
        </property>
        <property name="_location" class="ptolemy.kernel.util.Location" value="[220.0, 235.0]">
        </property>
        <port name="in" class="ptolemy.domains.modal.modal.ModalPort">
            <property name="input"/>
        </port>
        <port name="out" class="ptolemy.domains.modal.modal.ModalPort">
            <property name="output"/>
        </port>
        <entity name="_Controller" class="ptolemy.domains.modal.modal.ModalController">
            <property name="_library" class="ptolemy.moml.LibraryAttribute">
                <configure>
        <entity name="state library" class="ptolemy.kernel.CompositeEntity"><input source="ptolemy/configs/basicUtilities.xml"></input><entity name="state" class="ptolemy.domains.modal.kernel.State"><property name="_centerName" class="ptolemy.kernel.util.Attribute"></property><property name="_controllerFactory" class="ptolemy.vergil.modal.modal.HierarchicalStateControllerFactory"></property></entity></entity>
      </configure>
            </property>
            <port name="in" class="ptolemy.domains.modal.modal.RefinementPort">
                <property name="input"/>
                <property name="_location" class="ptolemy.kernel.util.Location" value="[25.0, 180.0]">
                </property>
            </port>
            <port name="out" class="ptolemy.domains.modal.modal.RefinementPort">
                <property name="input"/>
                <property name="output"/>
                <property name="_location" class="ptolemy.kernel.util.Location" value="[530.0, 205.0]">
                </property>
            </port>
            <entity name="state" class="ptolemy.domains.modal.kernel.State">
                <property name="refinementName" class="ptolemy.kernel.util.StringAttribute" value="stateRef">
                </property>
                <property name="isInitialState" class="ptolemy.data.expr.Parameter" value="true">
                </property>
                <property name="_hideName" class="ptolemy.data.expr.SingletonParameter" value="true">
                </property>
                <property name="_controllerFactory" class="ptolemy.vergil.modal.modal.HierarchicalStateControllerFactory">
                </property>
                <property name="_location" class="ptolemy.kernel.util.Location" value="[265.0, 195.0]">
                </property>
            </entity>
            <relation name="relation" class="ptolemy.domains.modal.kernel.Transition">
                <property name="guardExpression" class="ptolemy.kernel.util.StringAttribute" value="true">
                </property>
                <property name="exitAngle" class="ptolemy.data.expr.Parameter" value="2.356194490192345">
                </property>
                <property name="gamma" class="ptolemy.data.expr.Parameter" value="-0.5635482188782843">
                </property>
                <property name="reset" class="ptolemy.data.expr.Parameter" value="true">
                </property>
                <property name="preemptive" class="ptolemy.data.expr.Parameter" value="false">
                </property>
                <property name="defaultTransition" class="ptolemy.data.expr.Parameter" value="false">
                </property>
                <property name="nondeterministic" class="ptolemy.data.expr.Parameter" value="false">
                </property>
            </relation>
            <link port="state.incomingPort" relation="relation"/>
            <link port="state.outgoingPort" relation="relation"/>
        </entity>
        <entity name="stateRef" class="ptolemy.domains.modal.modal.Refinement">
            <property name="SDF Director" class="ptolemy.domains.sdf.kernel.SDFDirector">
                <property name="iterations" class="ptolemy.data.expr.Parameter" value="0">
                </property>
                <property name="_location" class="ptolemy.kernel.util.Location" value="{135, 75}">
                </property>
            </property>
            <port name="in" class="ptolemy.domains.modal.modal.RefinementPort">
                <property name="input"/>
                <property name="_location" class="ptolemy.kernel.util.Location" value="[35.0, 195.0]">
                </property>
            </port>
            <port name="out" class="ptolemy.domains.modal.modal.RefinementPort">
                <property name="output"/>
                <property name="_location" class="ptolemy.kernel.util.Location" value="[494.921875, 191.640625]">
                </property>
            </port>
            <relation name="relation" class="ptolemy.actor.TypedIORelation">
                <property name="width" class="ptolemy.data.expr.Parameter" value="1">
                </property>
            </relation>
            <link port="in" relation="relation"/>
            <link port="out" relation="relation"/>
        </entity>
        <relation name="inRelation" class="ptolemy.actor.TypedIORelation">
            <property name="width" class="ptolemy.data.expr.Parameter" value="1">
            </property>
        </relation>
        <relation name="outRelation" class="ptolemy.actor.TypedIORelation">
            <property name="width" class="ptolemy.data.expr.Parameter" value="1">
            </property>
        </relation>
        <link port="in" relation="inRelation"/>
        <link port="out" relation="outRelation"/>
        <link port="_Controller.in" relation="inRelation"/>
        <link port="_Controller.out" relation="outRelation"/>
        <link port="stateRef.in" relation="inRelation"/>
        <link port="stateRef.out" relation="outRelation"/>
    </entity>
    <relation name="relation" class="ptolemy.actor.TypedIORelation">
        <property name="width" class="ptolemy.data.expr.Parameter" value="1">
        </property>
        <vertex name="vertex1" value="[135.0, 300.0]">
        </vertex>
    </relation>
    <relation name="relation2" class="ptolemy.actor.TypedIORelation">
        <property name="width" class="ptolemy.data.expr.Parameter" value="1">
        </property>
    </relation>
    <relation name="relation3" class="ptolemy.actor.TypedIORelation">
        <property name="width" class="ptolemy.data.expr.Parameter" value="1">
        </property>
    </relation>
    <link port="Const.output" relation="relation"/>
    <link port="CompositeActor.in" relation="relation"/>
    <link port="CompositeActor.out" relation="relation2"/>
    <link port="Test.input" relation="relation2"/>
    <link port="Test.input" relation="relation3"/>
    <link port="Test.input" relation="relation"/>
    <link port="ModalModel.in" relation="relation"/>
    <link port="ModalModel.out" relation="relation3"/>
</entity>
