<?xml version="1.0" standalone="no"?>
<!DOCTYPE entity PUBLIC "-//UC Berkeley//DTD MoML 1//EN"
    "http://ptolemy.eecs.berkeley.edu/xml/dtd/MoML_1.dtd">
<entity name="test-consumer" class="ptolemy.actor.TypedCompositeActor">
    <property name="_createdBy" class="ptolemy.kernel.attributes.VersionAttribute" value="2.1-devel-2">
    </property>
    <property name="_vergilSize" class="ptolemy.actor.gui.SizeAttribute" value="[604, 454]">
    </property>
    <property name="_vergilLocation" class="ptolemy.actor.gui.LocationAttribute" value="[81, 107]">
    </property>
    <property name="PTN" class="ptolemy.domains.petrinet.kernel.PetriNetDirector">
        <property name="_location" class="ptolemy.kernel.util.Location" value="73.0, 410.0">
        </property>
    </property>
    <entity name="typed composite actor" class="ptolemy.actor.TypedCompositeActor">
        <property name="_location" class="ptolemy.kernel.util.Location" value="87.0, 153.0">
        </property>
        <port name="in1" class="ptolemy.actor.TypedIOPort">
            <property name="input"/>
            <property name="multiport"/>
        </port>
        <port name="out1" class="ptolemy.actor.TypedIOPort">
            <property name="output"/>
            <property name="multiport"/>
        </port>
    </entity>
    <entity name="Place" class="ptolemy.domains.petrinet.kernel.Place">
        <property name="initialMarking" class="ptolemy.data.expr.Parameter" value="0">
        </property>
        <property name="_location" class="ptolemy.kernel.util.Location" value="144.0, 86.0">
        </property>
        <port name="input" class="ptolemy.actor.TypedIOPort">
            <property name="input"/>
            <property name="multiport"/>
        </port>
        <port name="output" class="ptolemy.actor.TypedIOPort">
            <property name="output"/>
            <property name="multiport"/>
        </port>
    </entity>
    <entity name="Place2" class="ptolemy.domains.petrinet.kernel.Place">
        <property name="initialMarking" class="ptolemy.data.expr.Parameter" value="1">
        </property>
        <property name="_location" class="ptolemy.kernel.util.Location" value="132.0, 225.0">
        </property>
        <port name="input" class="ptolemy.actor.TypedIOPort">
            <property name="input"/>
            <property name="multiport"/>
        </port>
        <port name="output" class="ptolemy.actor.TypedIOPort">
            <property name="output"/>
            <property name="multiport"/>
        </port>
    </entity>
    <entity name="typed composite actor3" class="ptolemy.actor.TypedCompositeActor">
        <property name="_location" class="ptolemy.kernel.util.Location" value="255.0, 153.0">
        </property>
        <port name="in1" class="ptolemy.actor.TypedIOPort">
            <property name="input"/>
            <property name="multiport"/>
        </port>
        <port name="out1" class="ptolemy.actor.TypedIOPort">
            <property name="output"/>
            <property name="multiport"/>
        </port>
    </entity>
    <entity name="Place4" class="ptolemy.domains.petrinet.kernel.Place">
        <property name="initialMarking" class="ptolemy.data.expr.Parameter" value="0">
        </property>
        <property name="_location" class="ptolemy.kernel.util.Location" value="309.0, 94.0">
        </property>
        <port name="input" class="ptolemy.actor.TypedIOPort">
            <property name="input"/>
            <property name="multiport"/>
        </port>
        <port name="output" class="ptolemy.actor.TypedIOPort">
            <property name="output"/>
            <property name="multiport"/>
        </port>
    </entity>
    <entity name="Place5" class="ptolemy.domains.petrinet.kernel.Place">
        <property name="initialMarking" class="ptolemy.data.expr.Parameter" value="2">
        </property>
        <property name="_location" class="ptolemy.kernel.util.Location" value="304.0, 226.0">
        </property>
        <port name="input" class="ptolemy.actor.TypedIOPort">
            <property name="input"/>
            <property name="multiport"/>
        </port>
        <port name="output" class="ptolemy.actor.TypedIOPort">
            <property name="output"/>
            <property name="multiport"/>
        </port>
    </entity>
    <entity name="typed composite actor6" class="ptolemy.actor.TypedCompositeActor">
        <property name="_location" class="ptolemy.kernel.util.Location" value="408.0, 167.0">
        </property>
        <port name="in1" class="ptolemy.actor.TypedIOPort">
            <property name="input"/>
            <property name="multiport"/>
        </port>
        <port name="out1" class="ptolemy.actor.TypedIOPort">
            <property name="output"/>
            <property name="multiport"/>
        </port>
    </entity>
    <entity name="Place7" class="ptolemy.domains.petrinet.kernel.Place">
        <property name="initialMarking" class="ptolemy.data.expr.Parameter" value="0">
        </property>
        <property name="_location" class="ptolemy.kernel.util.Location" value="472.0, 95.0">
        </property>
        <port name="input" class="ptolemy.actor.TypedIOPort">
            <property name="input"/>
            <property name="multiport"/>
        </port>
        <port name="output" class="ptolemy.actor.TypedIOPort">
            <property name="output"/>
            <property name="multiport"/>
        </port>
    </entity>
    <entity name="Place8" class="ptolemy.domains.petrinet.kernel.Place">
        <property name="initialMarking" class="ptolemy.data.expr.Parameter" value="1">
        </property>
        <property name="_location" class="ptolemy.kernel.util.Location" value="470.0, 225.0">
        </property>
        <port name="input" class="ptolemy.actor.TypedIOPort">
            <property name="input"/>
            <property name="multiport"/>
        </port>
        <port name="output" class="ptolemy.actor.TypedIOPort">
            <property name="output"/>
            <property name="multiport"/>
        </port>
    </entity>
    <entity name="typed composite actor9" class="ptolemy.actor.TypedCompositeActor">
        <property name="_location" class="ptolemy.kernel.util.Location" value="566.0, 158.0">
        </property>
        <port name="in1" class="ptolemy.actor.TypedIOPort">
            <property name="input"/>
            <property name="multiport"/>
        </port>
        <port name="out1" class="ptolemy.actor.TypedIOPort">
            <property name="output"/>
            <property name="multiport"/>
        </port>
    </entity>
    <relation name="relation" class="ptolemy.actor.TypedIORelation">
    </relation>
    <relation name="relation10" class="ptolemy.actor.TypedIORelation">
    </relation>
    <relation name="relation11" class="ptolemy.actor.TypedIORelation">
    </relation>
    <relation name="relation12" class="ptolemy.actor.TypedIORelation">
    </relation>
    <relation name="relation13" class="ptolemy.actor.TypedIORelation">
    </relation>
    <relation name="relation14" class="ptolemy.actor.TypedIORelation">
    </relation>
    <relation name="relation15" class="ptolemy.actor.TypedIORelation">
    </relation>
    <relation name="relation16" class="ptolemy.actor.TypedIORelation">
    </relation>
    <relation name="relation17" class="ptolemy.actor.TypedIORelation">
    </relation>
    <relation name="relation18" class="ptolemy.actor.TypedIORelation">
    </relation>
    <relation name="relation19" class="ptolemy.actor.TypedIORelation">
    </relation>
    <relation name="relation20" class="ptolemy.actor.TypedIORelation">
    </relation>
    <link port="typed composite actor.in1" relation="relation"/>
    <link port="typed composite actor.out1" relation="relation10"/>
    <link port="Place.input" relation="relation10"/>
    <link port="Place.output" relation="relation11"/>
    <link port="Place2.input" relation="relation12"/>
    <link port="Place2.output" relation="relation"/>
    <link port="typed composite actor3.in1" relation="relation11"/>
    <link port="typed composite actor3.in1" relation="relation14"/>
    <link port="typed composite actor3.out1" relation="relation12"/>
    <link port="typed composite actor3.out1" relation="relation13"/>
    <link port="Place4.input" relation="relation13"/>
    <link port="Place4.output" relation="relation15"/>
    <link port="Place5.input" relation="relation16"/>
    <link port="Place5.output" relation="relation14"/>
    <link port="typed composite actor6.in1" relation="relation15"/>
    <link port="typed composite actor6.in1" relation="relation17"/>
    <link port="typed composite actor6.out1" relation="relation16"/>
    <link port="typed composite actor6.out1" relation="relation18"/>
    <link port="Place7.input" relation="relation20"/>
    <link port="Place7.output" relation="relation17"/>
    <link port="Place8.input" relation="relation18"/>
    <link port="Place8.output" relation="relation19"/>
    <link port="typed composite actor9.in1" relation="relation19"/>
    <link port="typed composite actor9.out1" relation="relation20"/>
</entity>
