<?xml version="1.0" standalone="no"?>
<!DOCTYPE entity PUBLIC "-//UC Berkeley//DTD MoML 1//EN"
    "http://ptolemy.eecs.berkeley.edu/xml/dtd/MoML_1.dtd">
<entity name="test-flat-simple-1" class="ptolemy.actor.TypedCompositeActor">
    <property name="_createdBy" class="ptolemy.kernel.attributes.VersionAttribute" value="2.1-devel-2">
    </property>
    <property name="_vergilSize" class="ptolemy.actor.gui.SizeAttribute" value="[604, 454]">
    </property>
    <property name="_vergilLocation" class="ptolemy.actor.gui.LocationAttribute" value="[80, 93]">
    </property>
    <property name="PTN" class="ptolemy.domains.petrinet.kernel.PetriNetDirector">
        <property name="_location" class="ptolemy.kernel.util.Location" value="94.0, 385.0">
        </property>
    </property>
    <entity name="Place" class="ptolemy.domains.petrinet.kernel.Place">
        <property name="initialMarking" class="ptolemy.data.expr.Parameter" value="3">
        </property>
        <property name="_location" class="ptolemy.kernel.util.Location" value="145.0, 199.0">
        </property>
        <port name="input" class="ptolemy.actor.TypedIOPort">
            <property name="input"/>
            <property name="multiport"/>
        </port>
        <port name="output" class="ptolemy.actor.TypedIOPort">
            <property name="output"/>
            <property name="multiport"/>
        </port>
    </entity>
    <entity name="typed composite actor" class="ptolemy.actor.TypedCompositeActor">
        <property name="_location" class="ptolemy.kernel.util.Location" value="380.0, 280.0">
        </property>
        <port name="in1" class="ptolemy.actor.TypedIOPort">
            <property name="input"/>
            <property name="multiport"/>
        </port>
        <port name="out1" class="ptolemy.actor.TypedIOPort">
            <property name="output"/>
            <property name="multiport"/>
        </port>
    </entity>
    <entity name="Place2" class="ptolemy.domains.petrinet.kernel.Place">
        <property name="initialMarking" class="ptolemy.data.expr.Parameter" value="0">
        </property>
        <property name="_location" class="ptolemy.kernel.util.Location" value="461.0, 150.0">
        </property>
        <port name="input" class="ptolemy.actor.TypedIOPort">
            <property name="input"/>
            <property name="multiport"/>
        </port>
        <port name="output" class="ptolemy.actor.TypedIOPort">
            <property name="output"/>
            <property name="multiport"/>
        </port>
    </entity>
    <relation name="relation" class="ptolemy.actor.TypedIORelation">
    </relation>
    <relation name="relation3" class="ptolemy.actor.TypedIORelation">
    </relation>
    <relation name="relation9" class="ptolemy.actor.TypedIORelation">
        <property name="Weight" class="ptolemy.data.expr.Parameter" value="2">
        </property>
    </relation>
    <relation name="relation2" class="ptolemy.actor.TypedIORelation">
        <property name="Weight" class="ptolemy.data.expr.Parameter" value="3">
        </property>
    </relation>
    <relation name="relation4" class="ptolemy.actor.TypedIORelation">
    </relation>
    <link port="Place.output" relation="relation"/>
    <link port="Place.output" relation="relation9"/>
    <link port="typed composite actor.in1" relation="relation"/>
    <link port="typed composite actor.in1" relation="relation9"/>
    <link port="typed composite actor.in1" relation="relation4"/>
    <link port="typed composite actor.out1" relation="relation3"/>
    <link port="typed composite actor.out1" relation="relation2"/>
    <link port="Place2.input" relation="relation3"/>
    <link port="Place2.input" relation="relation2"/>
    <link port="Place2.output" relation="relation4"/>
</entity>
