<?xml version="1.0" standalone="no"?>
<!DOCTYPE entity PUBLIC "-//UC Berkeley//DTD MoML 1//EN"
    "http://ptolemy.eecs.berkeley.edu/xml/dtd/MoML_1.dtd">
<entity name="test-petrinetactor-3" class="ptolemy.actor.TypedCompositeActor">
    <property name="_createdBy" class="ptolemy.kernel.attributes.VersionAttribute" value="8.1.devel">
    </property>
    <property name="_vergilSize" class="ptolemy.actor.gui.SizeAttribute" value="[604, 454]">
    </property>
    <property name="_vergilLocation" class="ptolemy.actor.gui.LocationAttribute" value="[196, 101]">
    </property>
    <property name="PTN" class="ptolemy.domains.petrinet.kernel.PetriNetDirector">
        <property name="iterations" class="ptolemy.data.expr.Parameter" value="1">
        </property>
        <property name="_location" class="ptolemy.kernel.util.Location" value="87.0, 360.0">
        </property>
    </property>
    <property name="_windowProperties" class="ptolemy.actor.gui.WindowPropertiesAttribute" value="{bounds={311, 168, 817, 564}, maximized=false}">
    </property>
    <property name="_vergilZoomFactor" class="ptolemy.data.expr.ExpertParameter" value="1.0">
    </property>
    <property name="_vergilCenter" class="ptolemy.data.expr.ExpertParameter" value="{302.0, 227.0}">
    </property>
    <entity name="PetriNetActor" class="ptolemy.domains.petrinet.kernel.PetriNetActor">
        <property name="_location" class="ptolemy.kernel.util.Location" value="122.0, 72.0">
        </property>
        <property name="_vergilSize" class="ptolemy.actor.gui.SizeAttribute">
        </property>
        <property name="_vergilLocation" class="ptolemy.actor.gui.LocationAttribute">
        </property>
        <entity name="Place" class="ptolemy.domains.petrinet.kernel.Place">
            <property name="initialMarking" class="ptolemy.data.expr.Parameter" value="2">
            </property>
            <property name="_location" class="ptolemy.kernel.util.Location" value="73.0, 194.0">
            </property>
        </entity>
        <entity name="Transition" class="ptolemy.actor.TypedCompositeActor">
            <property name="_location" class="ptolemy.kernel.util.Location" value="229.0, 170.0">
            </property>
            <property name="_vergilSize" class="ptolemy.actor.gui.SizeAttribute">
            </property>
            <property name="_vergilLocation" class="ptolemy.actor.gui.LocationAttribute">
            </property>
            <port name="input" class="ptolemy.actor.TypedIOPort">
                <property name="input"/>
                <property name="multiport"/>
                <property name="_location" class="ptolemy.kernel.util.Location" value="{20.0, 200.0}">
                </property>
            </port>
            <port name="output" class="ptolemy.actor.TypedIOPort">
                <property name="output"/>
                <property name="multiport"/>
                <property name="_location" class="ptolemy.kernel.util.Location" value="295.0, 82.0">
                </property>
            </port>
        </entity>
        <entity name="Place2" class="ptolemy.domains.petrinet.kernel.Place">
            <property name="initialMarking" class="ptolemy.data.expr.Parameter" value="0">
            </property>
            <property name="_location" class="ptolemy.kernel.util.Location" value="426.0, 166.0">
            </property>
        </entity>
        <relation name="relation" class="ptolemy.actor.TypedIORelation">
            <property name="width" class="ptolemy.data.expr.Parameter" value="1">
            </property>
        </relation>
        <relation name="relation3" class="ptolemy.actor.TypedIORelation">
            <property name="width" class="ptolemy.data.expr.Parameter" value="1">
            </property>
        </relation>
        <link port="Place.output" relation="relation"/>
        <link port="Transition.input" relation="relation"/>
        <link port="Transition.output" relation="relation3"/>
        <link port="Place2.input" relation="relation3"/>
    </entity>
</entity>
