<?xml version="1.0" standalone="no"?>
<!DOCTYPE entity PUBLIC "-//UC Berkeley//DTD MoML 1//EN"
    "http://ptolemy.eecs.berkeley.edu/xml/dtd/MoML_1.dtd">
<entity name="test2" class="ptolemy.actor.TypedCompositeActor">
    <property name="_createdBy" class="ptolemy.kernel.attributes.VersionAttribute" value="2.1-devel-2">
    </property>
    <property name="_vergilSize" class="ptolemy.actor.gui.SizeAttribute" value="[604, 454]">
    </property>
    <property name="_vergilLocation" class="ptolemy.actor.gui.LocationAttribute" value="[100, 59]">
    </property>
    <property name="PTN" class="ptolemy.domains.petrinet.kernel.PetriNetDirector">
        <property name="_location" class="ptolemy.kernel.util.Location" value="70.0, 403.0">
        </property>
    </property>
    <entity name="Place" class="ptolemy.domains.petrinet.kernel.Place">
        <property name="initialMarking" class="ptolemy.data.expr.Parameter" value="5">
        </property>
        <property name="_location" class="ptolemy.kernel.util.Location" value="98.0, 199.0">
        </property>
        <port name="input" class="ptolemy.actor.TypedIOPort">
            <property name="input"/>
            <property name="multiport"/>
        </port>
        <port name="output" class="ptolemy.actor.TypedIOPort">
            <property name="output"/>
            <property name="multiport"/>
        </port>
    </entity>
    <entity name="PetriNetActor" class="ptolemy.domains.petrinet.kernel.PetriNetActor">
        <property name="_location" class="ptolemy.kernel.util.Location" value="266.0, 282.0">
        </property>
        <property name="_vergilSize" class="ptolemy.actor.gui.SizeAttribute">
        </property>
        <property name="_vergilLocation" class="ptolemy.actor.gui.LocationAttribute">
        </property>
        <port name="in" class="ptolemy.actor.TypedIOPort">
            <property name="input"/>
            <property name="multiport"/>
            <property name="_location" class="ptolemy.kernel.util.Location" value="77.0, 157.0">
            </property>
        </port>
        <port name="out" class="ptolemy.actor.TypedIOPort">
            <property name="output"/>
            <property name="multiport"/>
            <property name="_location" class="ptolemy.kernel.util.Location" value="409.0, 165.0">
            </property>
        </port>
        <entity name="Place" class="ptolemy.domains.petrinet.kernel.Place">
            <property name="initialMarking" class="ptolemy.data.expr.Parameter" value="0">
            </property>
            <property name="_location" class="ptolemy.kernel.util.Location" value="209.0, 66.0">
            </property>
            <port name="input" class="ptolemy.actor.TypedIOPort">
                <property name="input"/>
                <property name="multiport"/>
            </port>
            <port name="output" class="ptolemy.actor.TypedIOPort">
                <property name="output"/>
                <property name="multiport"/>
            </port>
        </entity>
        <entity name="typed composite actor" class="ptolemy.actor.TypedCompositeActor">
            <property name="_location" class="ptolemy.kernel.util.Location" value="251.0, 231.0">
            </property>
            <property name="_vergilSize" class="ptolemy.actor.gui.SizeAttribute">
            </property>
            <property name="_vergilLocation" class="ptolemy.actor.gui.LocationAttribute">
            </property>
            <port name="in" class="ptolemy.actor.TypedIOPort">
                <property name="input"/>
                <property name="multiport"/>
                <property name="_location" class="ptolemy.kernel.util.Location">
                </property>
            </port>
            <port name="out" class="ptolemy.actor.TypedIOPort">
                <property name="output"/>
                <property name="multiport"/>
                <property name="_location" class="ptolemy.kernel.util.Location">
                </property>
            </port>
            <entity name="Place" class="ptolemy.domains.petrinet.kernel.Place">
                <property name="initialMarking" class="ptolemy.data.expr.Parameter" value="0">
                </property>
                <property name="_location" class="ptolemy.kernel.util.Location" value="135.0, 121.0">
                </property>
                <port name="input" class="ptolemy.actor.TypedIOPort">
                    <property name="input"/>
                    <property name="multiport"/>
                </port>
                <port name="output" class="ptolemy.actor.TypedIOPort">
                    <property name="output"/>
                    <property name="multiport"/>
                </port>
            </entity>
        </entity>
        <relation name="relation2" class="ptolemy.actor.TypedIORelation">
        </relation>
        <relation name="relation" class="ptolemy.actor.TypedIORelation">
        </relation>
        <relation name="relation3" class="ptolemy.actor.TypedIORelation">
        </relation>
        <relation name="relation4" class="ptolemy.actor.TypedIORelation">
        </relation>
        <link port="in" relation="relation2"/>
        <link port="in" relation="relation3"/>
        <link port="out" relation="relation"/>
        <link port="out" relation="relation4"/>
        <link port="Place.input" relation="relation2"/>
        <link port="Place.output" relation="relation"/>
        <link port="typed composite actor.in" relation="relation3"/>
        <link port="typed composite actor.out" relation="relation4"/>
    </entity>
    <entity name="Place2" class="ptolemy.domains.petrinet.kernel.Place">
        <property name="initialMarking" class="ptolemy.data.expr.Parameter" value="0">
        </property>
        <property name="_location" class="ptolemy.kernel.util.Location" value="440.0, 141.0">
        </property>
        <port name="input" class="ptolemy.actor.TypedIOPort">
            <property name="input"/>
            <property name="multiport"/>
        </port>
        <port name="output" class="ptolemy.actor.TypedIOPort">
            <property name="output"/>
            <property name="multiport"/>
        </port>
    </entity>
    <entity name="typed composite actor" class="ptolemy.actor.TypedCompositeActor">
        <property name="_location" class="ptolemy.kernel.util.Location" value="287.0, 66.0">
        </property>
        <property name="_vergilSize" class="ptolemy.actor.gui.SizeAttribute">
        </property>
        <property name="_vergilLocation" class="ptolemy.actor.gui.LocationAttribute">
        </property>
        <port name="in" class="ptolemy.actor.TypedIOPort">
            <property name="input"/>
            <property name="multiport"/>
            <property name="_location" class="ptolemy.kernel.util.Location">
            </property>
        </port>
        <port name="out" class="ptolemy.actor.TypedIOPort">
            <property name="output"/>
            <property name="multiport"/>
            <property name="_location" class="ptolemy.kernel.util.Location">
            </property>
        </port>
    </entity>
    <entity name="Place6" class="ptolemy.domains.petrinet.kernel.Place">
        <property name="initialMarking" class="ptolemy.data.expr.Parameter" value="1">
        </property>
        <property name="_location" class="ptolemy.kernel.util.Location" value="92.0, 56.0">
        </property>
        <port name="input" class="ptolemy.actor.TypedIOPort">
            <property name="input"/>
            <property name="multiport"/>
        </port>
        <port name="output" class="ptolemy.actor.TypedIOPort">
            <property name="output"/>
            <property name="multiport"/>
        </port>
    </entity>
    <relation name="relation" class="ptolemy.actor.TypedIORelation">
    </relation>
    <relation name="relation3" class="ptolemy.actor.TypedIORelation">
    </relation>
    <relation name="relation4" class="ptolemy.actor.TypedIORelation">
    </relation>
    <relation name="relation5" class="ptolemy.actor.TypedIORelation">
    </relation>
    <relation name="relation7" class="ptolemy.actor.TypedIORelation">
    </relation>
    <link port="Place.output" relation="relation"/>
    <link port="Place.output" relation="relation4"/>
    <link port="PetriNetActor.in" relation="relation4"/>
    <link port="PetriNetActor.out" relation="relation5"/>
    <link port="Place2.input" relation="relation3"/>
    <link port="Place2.input" relation="relation5"/>
    <link port="typed composite actor.in" relation="relation"/>
    <link port="typed composite actor.in" relation="relation7"/>
    <link port="typed composite actor.out" relation="relation3"/>
    <link port="Place6.output" relation="relation7"/>
</entity>
